e:\projects\visual_studio_projects\patapom\patapom\x64\debug\vc141.pdb
e:\projects\visual_studio_projects\patapom\patapom\x64\debug\vc141.idb
e:\projects\visual_studio_projects\patapom\patapom\x64\debug\texture.obj
e:\projects\visual_studio_projects\patapom\patapom\x64\debug\store.obj
e:\projects\visual_studio_projects\patapom\patapom\x64\debug\shader.obj
e:\projects\visual_studio_projects\patapom\patapom\x64\debug\scene.obj
e:\projects\visual_studio_projects\patapom\patapom\x64\debug\renderer.obj
e:\projects\visual_studio_projects\patapom\patapom\x64\debug\pathtracer.obj
e:\projects\visual_studio_projects\patapom\patapom\x64\debug\mesh.obj
e:\projects\visual_studio_projects\patapom\patapom\x64\debug\main.obj
e:\projects\visual_studio_projects\patapom\patapom\x64\debug\imgui_widgets.obj
e:\projects\visual_studio_projects\patapom\patapom\x64\debug\imgui_impl_win32.obj
e:\projects\visual_studio_projects\patapom\patapom\x64\debug\imgui_impl_dx12.obj
e:\projects\visual_studio_projects\patapom\patapom\x64\debug\imgui_draw.obj
e:\projects\visual_studio_projects\patapom\patapom\x64\debug\imgui_demo.obj
e:\projects\visual_studio_projects\patapom\patapom\x64\debug\imgui.obj
e:\projects\visual_studio_projects\patapom\patapom\x64\debug\pass.obj
e:\projects\visual_studio_projects\patapom\patapom\x64\debug\light.obj
e:\projects\visual_studio_projects\patapom\patapom\x64\debug\imagebasedlighting.obj
e:\projects\visual_studio_projects\patapom\patapom\x64\debug\frame.obj
e:\projects\visual_studio_projects\patapom\patapom\x64\debug\camera.obj
e:\projects\visual_studio_projects\patapom\patapom\x64\debug\buffer.obj
e:\projects\visual_studio_projects\patapom\x64\debug\patapom.exe
e:\projects\visual_studio_projects\patapom\x64\debug\patapom.ilk
e:\projects\visual_studio_projects\patapom\x64\debug\patapom.pdb
e:\projects\visual_studio_projects\patapom\patapom\x64\debug\patapom.tlog\cl.command.1.tlog
e:\projects\visual_studio_projects\patapom\patapom\x64\debug\patapom.tlog\cl.read.1.tlog
e:\projects\visual_studio_projects\patapom\patapom\x64\debug\patapom.tlog\cl.write.1.tlog
e:\projects\visual_studio_projects\patapom\patapom\x64\debug\patapom.tlog\link.command.1.tlog
e:\projects\visual_studio_projects\patapom\patapom\x64\debug\patapom.tlog\link.read.1.tlog
e:\projects\visual_studio_projects\patapom\patapom\x64\debug\patapom.tlog\link.write.1.tlog
